TN:
SF:src/Staking.sol
DA:30,16
FN:30,StakingRewards.constructor
FNDA:16,StakingRewards.constructor
DA:31,16
DA:32,16
DA:33,16
DA:36,12
FN:36,StakingRewards.onlyOwner
FNDA:12,StakingRewards.onlyOwner
DA:37,12
BRDA:37,0,0,1
BRDA:37,0,1,11
DA:41,2
FN:41,StakingRewards.updateReward
FNDA:2,StakingRewards.updateReward
DA:42,2
DA:43,2
DA:45,2
BRDA:45,1,0,2
DA:46,2
DA:47,2
DA:53,5
FN:53,StakingRewards.lastTimeRewardApplicable
FNDA:5,StakingRewards.lastTimeRewardApplicable
DA:54,39
DA:57,3
FN:57,StakingRewards.rewardPerToken
FNDA:3,StakingRewards.rewardPerToken
DA:58,39
BRDA:58,2,0,27
DA:59,27
DA:62,12
DA:65,6
FN:65,StakingRewards.stake
FNDA:6,StakingRewards.stake
DA:66,6
BRDA:66,3,0,1
BRDA:66,3,1,5
DA:67,5
DA:68,5
DA:69,5
DA:72,2
FN:72,StakingRewards.withdraw
FNDA:2,StakingRewards.withdraw
DA:73,2
BRDA:73,4,0,1
BRDA:73,4,1,1
DA:74,1
DA:75,1
DA:76,1
DA:79,4
FN:79,StakingRewards.earned
FNDA:4,StakingRewards.earned
DA:80,14
DA:81,14
DA:84,2
FN:84,StakingRewards.getReward
FNDA:2,StakingRewards.getReward
DA:85,2
DA:86,2
BRDA:86,5,0,1
DA:87,1
DA:88,1
DA:92,12
FN:92,StakingRewards.setRewardsDuration
FNDA:12,StakingRewards.setRewardsDuration
DA:93,11
BRDA:93,6,0,1
BRDA:93,6,1,10
DA:94,10
DA:97,12
FN:97,StakingRewards.notifyRewardAmount
FNDA:12,StakingRewards.notifyRewardAmount
DA:98,12
BRDA:98,7,0,11
BRDA:98,7,1,1
DA:99,11
DA:101,1
DA:102,1
DA:105,12
BRDA:105,8,0,1
BRDA:105,8,1,11
DA:106,11
BRDA:106,9,0,1
BRDA:106,9,1,10
DA:108,10
DA:109,10
DA:112,39
FN:112,StakingRewards._min
FNDA:39,StakingRewards._min
DA:113,39
FNF:12
FNH:12
LF:50
LH:50
BRF:17
BRH:17
end_of_record
